<?xml version="1.0" encoding="UTF-8"?>
<testsuite name="com.maju.rest.RestRequestTest" tests="4" skipped="0" failures="0" errors="0" timestamp="2020-10-06T11:58:37" hostname="USER-PC" time="0.008">
  <properties/>
  <testcase name="postRequestTest()" classname="com.maju.rest.RestRequestTest" time="0.001"/>
  <testcase name="patchRequestTest()" classname="com.maju.rest.RestRequestTest" time="0.003"/>
  <testcase name="getRequestTest()" classname="com.maju.rest.RestRequestTest" time="0.001"/>
  <testcase name="deleteRequestTest()" classname="com.maju.rest.RestRequestTest" time="0.002"/>
  <system-out><![CDATA[]]></system-out>
  <system-err><![CDATA[]]></system-err>
</testsuite>
